<?xml version="1.0" encoding="UTF-8"?>
<!-- Generated by org.testng.reporters.JUnitReportReporter -->
<testsuite hostname="Qedgeadmin-PC" name="FrameworkScripts.keywordUsingProperty" tests="1" failures="0" timestamp="10 Feb 2016 10:11:14 GMT" time="5.753" errors="0">
  <testcase name="KeywordProperty" time="5.753" classname="FrameworkScripts.keywordUsingProperty"/>
</testsuite> <!-- FrameworkScripts.keywordUsingProperty -->
