<?xml version="1.0" encoding="UTF-8"?>
<!-- Generated by org.testng.reporters.JUnitReportReporter -->
<testsuite hostname="sys-PC" name="MyPracticeScripts.MultipleWindowsHandles" tests="1" failures="0" timestamp="22 Feb 2016 09:34:02 GMT" time="17.799" errors="0">
  <testcase name="MWindowsHandle" time="17.799" classname="MyPracticeScripts.MultipleWindowsHandles"/>
</testsuite> <!-- MyPracticeScripts.MultipleWindowsHandles -->
