<?xml version="1.0" encoding="UTF-8"?>
<!-- Generated by org.testng.reporters.JUnitReportReporter -->
<testsuite hostname="qedge-PC" name="FrameworkScripts.Extends.flightconformation" tests="1" failures="0" timestamp="15 Feb 2016 11:53:46 GMT" time="0.050" errors="0">
  <testcase name="flightconformation" time="0.050" classname="FrameworkScripts.Extends.flightconformation"/>
</testsuite> <!-- FrameworkScripts.Extends.flightconformation -->
