<?xml version="1.0" encoding="UTF-8"?>
<!-- Generated by org.testng.reporters.JUnitReportReporter -->
<testsuite hostname="qedge-PC" name="MyPracticeScripts.DynamicWebTable" tests="1" failures="0" timestamp="6 Feb 2016 11:28:13 GMT" time="2.575" errors="0">
  <testcase name="WebTableTest" time="2.575" classname="MyPracticeScripts.DynamicWebTable"/>
</testsuite> <!-- MyPracticeScripts.DynamicWebTable -->
