<?xml version="1.0" encoding="UTF-8"?>
<!-- Generated by org.testng.reporters.JUnitReportReporter -->
<testsuite hostname="qedge-PC" name="FrameworkScripts.Extends.Flightdetails" tests="1" failures="0" timestamp="15 Feb 2016 11:53:46 GMT" time="1.023" errors="0">
  <testcase name="flightdetails" time="1.023" classname="FrameworkScripts.Extends.Flightdetails"/>
</testsuite> <!-- FrameworkScripts.Extends.Flightdetails -->
