<?xml version="1.0" encoding="UTF-8"?>
<!-- Generated by org.testng.reporters.JUnitReportReporter -->
<testsuite hostname="qedge-PC" name="MyPracticeScripts.WebtableDataToExcel" tests="1" failures="0" timestamp="6 Feb 2016 10:55:11 GMT" time="16.118" errors="0">
  <testcase name="WebtableDataToExcel" time="16.118" classname="MyPracticeScripts.WebtableDataToExcel"/>
</testsuite> <!-- MyPracticeScripts.WebtableDataToExcel -->
