<?xml version="1.0" encoding="UTF-8"?>
<!-- Generated by org.testng.reporters.JUnitReportReporter -->
<testsuite hostname="qedge-PC" name="MyPracticeScripts.RadioButtons" tests="1" failures="0" timestamp="15 Feb 2016 10:07:51 GMT" time="2.868" errors="0">
  <testcase name="radiobuttoncheck" time="2.868" classname="MyPracticeScripts.RadioButtons"/>
</testsuite> <!-- MyPracticeScripts.RadioButtons -->
