<?xml version="1.0" encoding="UTF-8"?>
<!-- Generated by org.testng.reporters.JUnitReportReporter -->
<testsuite hostname="qedge-PC" name="MyPracticeScripts.ExcelWriteOperations" tests="1" failures="0" timestamp="6 Feb 2016 10:22:58 GMT" time="1.701" errors="0">
  <testcase name="Excelwrite" time="1.701" classname="MyPracticeScripts.ExcelWriteOperations"/>
</testsuite> <!-- MyPracticeScripts.ExcelWriteOperations -->
