<?xml version="1.0" encoding="UTF-8"?>
<!-- Generated by org.testng.reporters.JUnitReportReporter -->
<testsuite hostname="qedge-PC" name="FrameworkScripts.ReflectionKeywordDrivenTest" tests="1" failures="0" timestamp="12 Feb 2016 08:07:28 GMT" time="9.326" errors="0">
  <testcase name="reflectionKeyword" time="9.326" classname="FrameworkScripts.ReflectionKeywordDrivenTest"/>
</testsuite> <!-- FrameworkScripts.ReflectionKeywordDrivenTest -->
