<?xml version="1.0" encoding="UTF-8"?>
<!-- Generated by org.testng.reporters.JUnitReportReporter -->
<testsuite hostname="Qedgeadmin-PC" name="MyPracticeScripts.DatadrivenAjax" tests="1" failures="0" timestamp="10 Feb 2016 09:39:24 GMT" time="9.826" errors="0">
  <testcase name="ajaxdata" time="9.826" classname="MyPracticeScripts.DatadrivenAjax"/>
</testsuite> <!-- MyPracticeScripts.DatadrivenAjax -->
