<?xml version="1.0" encoding="UTF-8"?>
<!-- Generated by org.testng.reporters.JUnitReportReporter -->
<testsuite hostname="qedge-PC" name="MyPracticeScripts.StaticWebTable" tests="2" failures="0" timestamp="6 Feb 2016 11:11:52 GMT" time="13.960" errors="0">
  <testcase name="WebTableEntairData" time="12.337" classname="MyPracticeScripts.StaticWebTable"/>
  <testcase name="webtableOneColumDataTest1" time="1.623" classname="MyPracticeScripts.StaticWebTable"/>
</testsuite> <!-- MyPracticeScripts.StaticWebTable -->
