<?xml version="1.0" encoding="UTF-8"?>
<!-- Generated by org.testng.reporters.JUnitReportReporter -->
<testsuite hostname="qedge-PC" name="MyPracticeScripts.Slider" tests="1" failures="0" timestamp="4 Feb 2016 10:45:31 GMT" time="0.914" errors="0">
  <testcase name="SliderTest" time="0.914" classname="MyPracticeScripts.Slider"/>
</testsuite> <!-- MyPracticeScripts.Slider -->
