<?xml version="1.0" encoding="UTF-8"?>
<!-- Generated by org.testng.reporters.JUnitReportReporter -->
<testsuite hostname="qedge-PC" name="MyPracticeScripts.VerticalSlider" tests="1" failures="0" timestamp="4 Feb 2016 10:57:25 GMT" time="0.912" errors="0">
  <testcase name="SliderTest" time="0.912" classname="MyPracticeScripts.VerticalSlider"/>
</testsuite> <!-- MyPracticeScripts.VerticalSlider -->
