<?xml version="1.0" encoding="UTF-8"?>
<!-- Generated by org.testng.reporters.JUnitReportReporter -->
<testsuite hostname="Qedgeadmin-PC" name="MyPracticeScripts.CookiesHandle" tests="1" failures="0" timestamp="8 Feb 2016 11:37:23 GMT" time="0.731" errors="0">
  <testcase name="cookies" time="0.731" classname="MyPracticeScripts.CookiesHandle"/>
</testsuite> <!-- MyPracticeScripts.CookiesHandle -->
