<?xml version="1.0" encoding="UTF-8"?>
<!-- Generated by org.testng.reporters.JUnitReportReporter -->
<testsuite hostname="sys-PC" name="MyPracticeScripts.FramesHandling" tests="1" failures="0" timestamp="22 Feb 2016 08:54:25 GMT" time="0.772" errors="0">
  <testcase name="frames" time="0.772" classname="MyPracticeScripts.FramesHandling"/>
</testsuite> <!-- MyPracticeScripts.FramesHandling -->
