<?xml version="1.0" encoding="UTF-8"?>
<!-- Generated by org.testng.reporters.JUnitReportReporter -->
<testsuite hostname="qedge-PC" name="FrameworkScripts.Extends.selectflight" tests="1" failures="0" timestamp="15 Feb 2016 11:53:46 GMT" time="1.337" errors="0">
  <testcase name="selectflight" time="1.337" classname="FrameworkScripts.Extends.selectflight"/>
</testsuite> <!-- FrameworkScripts.Extends.selectflight -->
