<?xml version="1.0" encoding="UTF-8"?>
<!-- Generated by org.testng.reporters.JUnitReportReporter -->
<testsuite hostname="qedge-PC" name="MyPracticeScripts.CalenderTwoTables" tests="1" failures="0" timestamp="5 Feb 2016 09:09:24 GMT" time="2.779" errors="0">
  <testcase name="Calander" time="2.779" classname="MyPracticeScripts.CalenderTwoTables"/>
</testsuite> <!-- MyPracticeScripts.CalenderTwoTables -->
