<?xml version="1.0" encoding="UTF-8"?>
<!-- Generated by org.testng.reporters.JUnitReportReporter -->
<testsuite hostname="qedge-PC" name="MyPracticeScripts.ExcelOpereations" tests="1" failures="0" timestamp="6 Feb 2016 10:04:20 GMT" time="0.843" errors="0">
  <testcase name="exceloperations" time="0.843" classname="MyPracticeScripts.ExcelOpereations"/>
</testsuite> <!-- MyPracticeScripts.ExcelOpereations -->
