<?xml version="1.0" encoding="UTF-8"?>
<!-- Generated by org.testng.reporters.JUnitReportReporter -->
<testsuite hostname="qedge-PC" name="FrameworkScripts.Extends.Login" tests="1" failures="0" timestamp="15 Feb 2016 11:53:46 GMT" time="8.742" errors="0">
  <testcase name="login" time="8.742" classname="FrameworkScripts.Extends.Login"/>
</testsuite> <!-- FrameworkScripts.Extends.Login -->
