<?xml version="1.0" encoding="UTF-8"?>
<!-- Generated by org.testng.reporters.JUnitReportReporter -->
<testsuite hostname="qedge-PC" name="com.orangeHRM.testsuite.LoginTest" tests="1" failures="0" timestamp="4 Feb 2016 11:46:59 GMT" time="21.574" errors="0">
  <testcase name="loginTest" time="21.574" classname="com.orangeHRM.testsuite.LoginTest"/>
</testsuite> <!-- com.orangeHRM.testsuite.LoginTest -->
