<?xml version="1.0" encoding="UTF-8"?>
<!-- Generated by org.testng.reporters.JUnitReportReporter -->
<testsuite hostname="qedge-PC" name="com.orangeHRM.testsuite.DataEngineTest" tests="1" failures="0" timestamp="4 Feb 2016 06:28:09 GMT" time="98.015" errors="0">
  <testcase name="dataengintest" time="98.015" classname="com.orangeHRM.testsuite.DataEngineTest"/>
</testsuite> <!-- com.orangeHRM.testsuite.DataEngineTest -->
