<?xml version="1.0" encoding="UTF-8"?>
<!-- Generated by org.testng.reporters.JUnitReportReporter -->
<testsuite hostname="qedge-PC" name="com.orangeHRM.testsuite.Screenshot" tests="1" failures="0" timestamp="30 Jan 2016 08:56:43 GMT" time="8.547" errors="0">
  <testcase name="Screenshot" time="8.547" classname="com.orangeHRM.testsuite.Screenshot"/>
</testsuite> <!-- com.orangeHRM.testsuite.Screenshot -->
