<?xml version="1.0" encoding="UTF-8"?>
<!-- Generated by org.testng.reporters.JUnitReportReporter -->
<testsuite hostname="qedge-PC" name="com.orangeHRM.testsuite.AddEmployeeTest" tests="1" failures="0" timestamp="4 Feb 2016 11:46:59 GMT" time="63.585" errors="0">
  <testcase name="AddEmployeeTest" time="63.585" classname="com.orangeHRM.testsuite.AddEmployeeTest"/>
</testsuite> <!-- com.orangeHRM.testsuite.AddEmployeeTest -->
