<?xml version="1.0" encoding="UTF-8"?>
<!-- Generated by org.testng.reporters.JUnitReportReporter -->
<testsuite hostname="qedge-PC" name="com.orangeHRM.testsuite.LogoutTest" tests="1" failures="0" timestamp="4 Feb 2016 11:46:59 GMT" time="5.648" errors="0">
  <testcase name="logout" time="5.648" classname="com.orangeHRM.testsuite.LogoutTest"/>
</testsuite> <!-- com.orangeHRM.testsuite.LogoutTest -->
